Using pre-set license
Built from '2021.1/staging' branch; Version is '2021.1.7f1 (d91830b65d9b) revision 14227504'; Using compiler version '192528614'; Build Type 'Release'
OS: 'Windows 10 Pro; OS build 19043.1023; Version 2009; 64bit' Language: 'en' Physical Memory: 16250 MB
BatchMode: 1, IsHumanControllingUs: 0, StartBugReporterOnCrash: 0, Is64bit: 1, IsPro: 0

 COMMAND LINE ARGUMENTS:
C:\Program Files\Unity\Hub\Editor\2021.1.7f1\Editor\Unity.exe
-adb2
-batchMode
-noUpm
-name
AssetImportWorker0
-projectPath
D:/GitHub/AlvarezAlejandro
-logFile
Logs/AssetImportWorker0.log
-srvPort
61243
Successfully changed project path to: D:/GitHub/AlvarezAlejandro
D:/GitHub/AlvarezAlejandro
Using Asset Import Pipeline V2.
Refreshing native plugins compatible for Editor in 156.99 ms, found 1 plugins.
Preloading 0 native plugins for Editor in 0.00 ms.
Initialize engine version: 2021.1.7f1 (d91830b65d9b)
[Subsystems] Discovering subsystems at path C:/Program Files/Unity/Hub/Editor/2021.1.7f1/Editor/Data/Resources/UnitySubsystems
[Subsystems] Discovering subsystems at path D:/GitHub/AlvarezAlejandro/Assets
GfxDevice: creating device client; threaded=0; jobified=0
Direct3D:
    Version:  Direct3D 11.0 [level 11.1]
    Renderer: Intel(R) HD Graphics 530 (ID=0x191b)
    Vendor:   Intel
    VRAM:     8125 MB
    Driver:   27.20.100.9466
Initialize mono
Mono path[0] = 'C:/Program Files/Unity/Hub/Editor/2021.1.7f1/Editor/Data/Managed'
Mono path[1] = 'C:/Program Files/Unity/Hub/Editor/2021.1.7f1/Editor/Data/MonoBleedingEdge/lib/mono/unityjit'
Mono config path = 'C:/Program Files/Unity/Hub/Editor/2021.1.7f1/Editor/Data/MonoBleedingEdge/etc'
Using monoOptions --debugger-agent=transport=dt_socket,embedding=1,server=y,suspend=n,address=127.0.0.1:56836
Begin MonoManager ReloadAssembly
Registering precompiled unity dll's ...
Register platform support module: C:/Program Files/Unity/Hub/Editor/2021.1.7f1/Editor/Data/PlaybackEngines/WindowsStandaloneSupport/UnityEditor.WindowsStandalone.Extensions.dll
Registered in 0.002985 seconds.
Native extension for WindowsStandalone target not found
Refreshing native plugins compatible for Editor in 146.66 ms, found 1 plugins.
Preloading 0 native plugins for Editor in 0.00 ms.
Mono: successfully reloaded assembly
- Completed reload, in  2.411 seconds
Platform modules already initialized, skipping
Registering precompiled user dll's ...
Registered in 0.005045 seconds.
Begin MonoManager ReloadAssembly
Symbol file LoadedFromMemory doesn't match image D:\GitHub\AlvarezAlejandro\Library\PackageCache\com.unity.visualscripting@1.6.1\Editor\VisualScripting.Core\Dependencies\YamlDotNet\Unity.VisualScripting.YamlDotNet.dll
Symbol file LoadedFromMemory doesn't match image D:\GitHub\AlvarezAlejandro\Library\PackageCache\com.unity.visualscripting@1.6.1\Editor\VisualScripting.Core\Dependencies\DotNetZip\Unity.VisualScripting.IonicZip.dll
Native extension for WindowsStandalone target not found
Refreshing native plugins compatible for Editor in 0.97 ms, found 1 plugins.
Preloading 0 native plugins for Editor in 0.00 ms.
Mono: successfully reloaded assembly
- Completed reload, in  1.968 seconds
Platform modules already initialized, skipping
========================================================================
Worker process is ready to serve import requests
Launched and connected shader compiler UnityShaderCompiler.exe after 0.12 seconds
Refreshing native plugins compatible for Editor in 0.65 ms, found 1 plugins.
Preloading 0 native plugins for Editor in 0.00 ms.
Unloading 2913 Unused Serialized files (Serialized files now loaded: 0)
System memory in use before: 128.7 MB.
System memory in use after: 128.5 MB.

Unloading 16 unused Assets to reduce memory usage. Loaded Objects now: 3373.
Total: 3.030500 ms (FindLiveObjects: 0.240700 ms CreateObjectMapping: 0.152700 ms MarkObjects: 2.348600 ms  DeleteObjects: 0.287400 ms)

========================================================================
Received Import Request.
  path: Assets/Scenes/Pacman.unity
  artifactKey: Guid(5ec6e9a9186df4344b271028c7065228) Importer(815301076,1909f56bfc062723c751e8b465ee728b)
Start importing Assets/Scenes/Pacman.unity using Guid(5ec6e9a9186df4344b271028c7065228) Importer(815301076,1909f56bfc062723c751e8b465ee728b)  -> (artifact id: '053749fa59475d70dd6ba1c74a1c8c85') in 0.029234 seconds 
========================================================================
Received Import Request.
  Time since last request: 0.000567 seconds.
  path: Assets/Scenes/SampleScene.unity
  artifactKey: Guid(9fc0d4010bbf28b4594072e72b8655ab) Importer(815301076,1909f56bfc062723c751e8b465ee728b)
Start importing Assets/Scenes/SampleScene.unity using Guid(9fc0d4010bbf28b4594072e72b8655ab) Importer(815301076,1909f56bfc062723c751e8b465ee728b)  -> (artifact id: '85059f4f9e1a832ed95adaa0d25c5c4c') in 0.002680 seconds 
========================================================================
Received Import Request.
  Time since last request: 21.577871 seconds.
  path: Assets/Scenes/Main Menu.unity
  artifactKey: Guid(2e71f9cd10b449e49acd5eb337faf3cf) Importer(815301076,1909f56bfc062723c751e8b465ee728b)
Start importing Assets/Scenes/Main Menu.unity using Guid(2e71f9cd10b449e49acd5eb337faf3cf) Importer(815301076,1909f56bfc062723c751e8b465ee728b)  -> (artifact id: 'd8950bcdb0af917637e528350cfaf828') in 0.005930 seconds 
========================================================================
Received Import Request.
  Time since last request: 122.277789 seconds.
  path: Assets/Scenes/MainMenuScene.unity
  artifactKey: Guid(1384ced1e78f64f4182a4dbb71934f6d) Importer(815301076,1909f56bfc062723c751e8b465ee728b)
Start importing Assets/Scenes/MainMenuScene.unity using Guid(1384ced1e78f64f4182a4dbb71934f6d) Importer(815301076,1909f56bfc062723c751e8b465ee728b)  -> (artifact id: 'e05a1ea0634ec752149501305be5e953') in 0.004032 seconds 
========================================================================
Received Import Request.
  Time since last request: 127.102554 seconds.
  path: Assets/wp2344348.jpg
  artifactKey: Guid(05762e60ab71ed749bdc7c3a2bf09050) Importer(815301076,1909f56bfc062723c751e8b465ee728b)
Start importing Assets/wp2344348.jpg using Guid(05762e60ab71ed749bdc7c3a2bf09050) Importer(815301076,1909f56bfc062723c751e8b465ee728b)  -> (artifact id: 'ee3aaa687df97d68ea8fbd4eb53c9da3') in 0.249015 seconds 
========================================================================
Received Import Request.
  Time since last request: 18.747698 seconds.
  path: Assets/wp2344348.jpg
  artifactKey: Guid(05762e60ab71ed749bdc7c3a2bf09050) Importer(815301076,1909f56bfc062723c751e8b465ee728b)
Start importing Assets/wp2344348.jpg using Guid(05762e60ab71ed749bdc7c3a2bf09050) Importer(815301076,1909f56bfc062723c751e8b465ee728b)  -> (artifact id: 'a324660126c3bec372a413df83957641') in 0.131059 seconds 
========================================================================
Received Import Request.
  Time since last request: 124.396188 seconds.
  path: Assets/Scenes/Slenderman.unity
  artifactKey: Guid(b124d9cc3caaed24388a46ed30e45db9) Importer(815301076,1909f56bfc062723c751e8b465ee728b)
Start importing Assets/Scenes/Slenderman.unity using Guid(b124d9cc3caaed24388a46ed30e45db9) Importer(815301076,1909f56bfc062723c751e8b465ee728b)  -> (artifact id: 'a4403eb4869fa2821f8ffa38dde505bd') in 0.005130 seconds 
========================================================================
Received Import Request.
  Time since last request: 1.549363 seconds.
  path: Assets/Scenes/MainMenuScene.unity
  artifactKey: Guid(1384ced1e78f64f4182a4dbb71934f6d) Importer(815301076,1909f56bfc062723c751e8b465ee728b)
Start importing Assets/Scenes/MainMenuScene.unity using Guid(1384ced1e78f64f4182a4dbb71934f6d) Importer(815301076,1909f56bfc062723c751e8b465ee728b)  -> (artifact id: '0e2d967d0005199ff06f3af9b3bd3759') in 0.005369 seconds 
========================================================================
Received Import Request.
  Time since last request: 118.767534 seconds.
  path: Assets/pngkey.com-wasd-png-1791648.png
  artifactKey: Guid(c3d252f58e2b7f74ca5770872d14c294) Importer(815301076,1909f56bfc062723c751e8b465ee728b)
Start importing Assets/pngkey.com-wasd-png-1791648.png using Guid(c3d252f58e2b7f74ca5770872d14c294) Importer(815301076,1909f56bfc062723c751e8b465ee728b)  -> (artifact id: '188e81d0bd5d46cd2f5a4dfc0deb978e') in 0.035895 seconds 
========================================================================
Received Import Request.
  Time since last request: 14.821349 seconds.
  path: Assets/pngkey.com-wasd-png-1791648.png
  artifactKey: Guid(c3d252f58e2b7f74ca5770872d14c294) Importer(815301076,1909f56bfc062723c751e8b465ee728b)
Start importing Assets/pngkey.com-wasd-png-1791648.png using Guid(c3d252f58e2b7f74ca5770872d14c294) Importer(815301076,1909f56bfc062723c751e8b465ee728b)  -> (artifact id: '89f93abc2f09225faffc4b3b49c44164') in 0.053032 seconds 
========================================================================
Received Import Request.
  Time since last request: 449.120512 seconds.
  path: Assets/pngkey.com-wasd-png-1791648 1.png
  artifactKey: Guid(f464706d91234864b92c292d3dff5bef) Importer(815301076,1909f56bfc062723c751e8b465ee728b)
Start importing Assets/pngkey.com-wasd-png-1791648 1.png using Guid(f464706d91234864b92c292d3dff5bef) Importer(815301076,1909f56bfc062723c751e8b465ee728b)  -> (artifact id: 'aff31bd4636d222ba87b0f59ce1e4172') in 0.024311 seconds 
========================================================================
Received Import Request.
  Time since last request: 9.207390 seconds.
  path: Assets/pngkey.com-wasd-png-1791648 1.png
  artifactKey: Guid(f464706d91234864b92c292d3dff5bef) Importer(815301076,1909f56bfc062723c751e8b465ee728b)
Start importing Assets/pngkey.com-wasd-png-1791648 1.png using Guid(f464706d91234864b92c292d3dff5bef) Importer(815301076,1909f56bfc062723c751e8b465ee728b)  -> (artifact id: '450700c8a23dcf6c278ff9ff43414342') in 0.041310 seconds 
========================================================================
Received Import Request.
  Time since last request: 358.121825 seconds.
  path: Assets/Scripts/LevelManager.cs
  artifactKey: Guid(196b97d0c1a5b504c9779dbe02044979) Importer(815301076,1909f56bfc062723c751e8b465ee728b)
Start importing Assets/Scripts/LevelManager.cs using Guid(196b97d0c1a5b504c9779dbe02044979) Importer(815301076,1909f56bfc062723c751e8b465ee728b)  -> (artifact id: '85fcdbacdbf2f0e205ca5d71fbdf63f1') in 0.043968 seconds 
========================================================================
Received Prepare
Registering precompiled user dll's ...
Registered in 0.003664 seconds.
Begin MonoManager ReloadAssembly
Symbol file LoadedFromMemory doesn't match image D:\GitHub\AlvarezAlejandro\Library\PackageCache\com.unity.visualscripting@1.6.1\Editor\VisualScripting.Core\Dependencies\YamlDotNet\Unity.VisualScripting.YamlDotNet.dll
Symbol file LoadedFromMemory doesn't match image D:\GitHub\AlvarezAlejandro\Library\PackageCache\com.unity.visualscripting@1.6.1\Editor\VisualScripting.Core\Dependencies\DotNetZip\Unity.VisualScripting.IonicZip.dll
Native extension for WindowsStandalone target not found
Refreshing native plugins compatible for Editor in 1.49 ms, found 1 plugins.
Preloading 0 native plugins for Editor in 0.00 ms.
Mono: successfully reloaded assembly
- Completed reload, in  1.616 seconds
Platform modules already initialized, skipping
Refreshing native plugins compatible for Editor in 0.86 ms, found 1 plugins.
Preloading 0 native plugins for Editor in 0.00 ms.
Unloading 2826 Unused Serialized files (Serialized files now loaded: 0)
System memory in use before: 137.9 MB.
System memory in use after: 137.8 MB.

Unloading 11 unused Assets to reduce memory usage. Loaded Objects now: 3472.
Total: 2.971900 ms (FindLiveObjects: 0.262700 ms CreateObjectMapping: 0.248300 ms MarkObjects: 2.158600 ms  DeleteObjects: 0.301500 ms)

========================================================================
Received Import Request.
  Time since last request: 75.129780 seconds.
  path: Assets/Scripts/LevelManager.cs
  artifactKey: Guid(196b97d0c1a5b504c9779dbe02044979) Importer(815301076,1909f56bfc062723c751e8b465ee728b)
Start importing Assets/Scripts/LevelManager.cs using Guid(196b97d0c1a5b504c9779dbe02044979) Importer(815301076,1909f56bfc062723c751e8b465ee728b)  -> (artifact id: '5d60ac310b949ca181613f76b8418251') in 0.005922 seconds 
========================================================================
Received Prepare
Registering precompiled user dll's ...
Registered in 0.006521 seconds.
Begin MonoManager ReloadAssembly
Symbol file LoadedFromMemory doesn't match image D:\GitHub\AlvarezAlejandro\Library\PackageCache\com.unity.visualscripting@1.6.1\Editor\VisualScripting.Core\Dependencies\YamlDotNet\Unity.VisualScripting.YamlDotNet.dll
Symbol file LoadedFromMemory doesn't match image D:\GitHub\AlvarezAlejandro\Library\PackageCache\com.unity.visualscripting@1.6.1\Editor\VisualScripting.Core\Dependencies\DotNetZip\Unity.VisualScripting.IonicZip.dll
Native extension for WindowsStandalone target not found
Refreshing native plugins compatible for Editor in 0.70 ms, found 1 plugins.
Preloading 0 native plugins for Editor in 0.00 ms.
Mono: successfully reloaded assembly
- Completed reload, in  2.035 seconds
Platform modules already initialized, skipping
Refreshing native plugins compatible for Editor in 1.14 ms, found 1 plugins.
Preloading 0 native plugins for Editor in 0.00 ms.
Unloading 2823 Unused Serialized files (Serialized files now loaded: 0)
System memory in use before: 137.9 MB.
System memory in use after: 137.8 MB.

Unloading 11 unused Assets to reduce memory usage. Loaded Objects now: 3475.
Total: 4.548200 ms (FindLiveObjects: 0.409500 ms CreateObjectMapping: 0.223100 ms MarkObjects: 3.398900 ms  DeleteObjects: 0.514500 ms)

========================================================================
Received Prepare
Registering precompiled user dll's ...
Registered in 0.004400 seconds.
Begin MonoManager ReloadAssembly
Symbol file LoadedFromMemory doesn't match image D:\GitHub\AlvarezAlejandro\Library\PackageCache\com.unity.visualscripting@1.6.1\Editor\VisualScripting.Core\Dependencies\YamlDotNet\Unity.VisualScripting.YamlDotNet.dll
Symbol file LoadedFromMemory doesn't match image D:\GitHub\AlvarezAlejandro\Library\PackageCache\com.unity.visualscripting@1.6.1\Editor\VisualScripting.Core\Dependencies\DotNetZip\Unity.VisualScripting.IonicZip.dll
Native extension for WindowsStandalone target not found
Refreshing native plugins compatible for Editor in 0.70 ms, found 1 plugins.
Preloading 0 native plugins for Editor in 0.00 ms.
Mono: successfully reloaded assembly
- Completed reload, in  1.610 seconds
Platform modules already initialized, skipping
Refreshing native plugins compatible for Editor in 0.76 ms, found 1 plugins.
Preloading 0 native plugins for Editor in 0.00 ms.
Unloading 2824 Unused Serialized files (Serialized files now loaded: 0)
System memory in use before: 137.9 MB.
System memory in use after: 137.8 MB.

Unloading 11 unused Assets to reduce memory usage. Loaded Objects now: 3479.
Total: 6.395300 ms (FindLiveObjects: 0.630600 ms CreateObjectMapping: 0.248600 ms MarkObjects: 4.990200 ms  DeleteObjects: 0.523900 ms)

========================================================================
Received Import Request.
  Time since last request: 353.138425 seconds.
  path: Assets/Scripts/MainMenuScript.cs
  artifactKey: Guid(ee40302e12c770f4f907e2c763466bad) Importer(815301076,1909f56bfc062723c751e8b465ee728b)
Start importing Assets/Scripts/MainMenuScript.cs using Guid(ee40302e12c770f4f907e2c763466bad) Importer(815301076,1909f56bfc062723c751e8b465ee728b)  -> (artifact id: '4c8d71c3a17bec2e6b0a7de5cc7b664b') in 0.010145 seconds 
========================================================================
Received Prepare
Registering precompiled user dll's ...
Registered in 0.003329 seconds.
Begin MonoManager ReloadAssembly
Symbol file LoadedFromMemory doesn't match image D:\GitHub\AlvarezAlejandro\Library\PackageCache\com.unity.visualscripting@1.6.1\Editor\VisualScripting.Core\Dependencies\YamlDotNet\Unity.VisualScripting.YamlDotNet.dll
Symbol file LoadedFromMemory doesn't match image D:\GitHub\AlvarezAlejandro\Library\PackageCache\com.unity.visualscripting@1.6.1\Editor\VisualScripting.Core\Dependencies\DotNetZip\Unity.VisualScripting.IonicZip.dll
Native extension for WindowsStandalone target not found
Refreshing native plugins compatible for Editor in 0.62 ms, found 1 plugins.
Preloading 0 native plugins for Editor in 0.00 ms.
Mono: successfully reloaded assembly
- Completed reload, in  1.457 seconds
Platform modules already initialized, skipping
Refreshing native plugins compatible for Editor in 1.04 ms, found 1 plugins.
Preloading 0 native plugins for Editor in 0.00 ms.
Unloading 2824 Unused Serialized files (Serialized files now loaded: 0)
System memory in use before: 137.9 MB.
System memory in use after: 137.8 MB.

Unloading 11 unused Assets to reduce memory usage. Loaded Objects now: 3482.
Total: 3.700600 ms (FindLiveObjects: 0.403500 ms CreateObjectMapping: 0.172900 ms MarkObjects: 2.828500 ms  DeleteObjects: 0.294600 ms)

========================================================================
Received Import Request.
  Time since last request: 345.383719 seconds.
  path: Assets/Scenes/MainMenuScene.unity
  artifactKey: Guid(1384ced1e78f64f4182a4dbb71934f6d) Importer(815301076,1909f56bfc062723c751e8b465ee728b)
Start importing Assets/Scenes/MainMenuScene.unity using Guid(1384ced1e78f64f4182a4dbb71934f6d) Importer(815301076,1909f56bfc062723c751e8b465ee728b)  -> (artifact id: '7099d56d7f3a5928e38c99753aae4be0') in 0.023699 seconds 
========================================================================
Received Prepare
Registering precompiled user dll's ...
Registered in 0.004265 seconds.
Begin MonoManager ReloadAssembly
Symbol file LoadedFromMemory doesn't match image D:\GitHub\AlvarezAlejandro\Library\PackageCache\com.unity.visualscripting@1.6.1\Editor\VisualScripting.Core\Dependencies\YamlDotNet\Unity.VisualScripting.YamlDotNet.dll
Symbol file LoadedFromMemory doesn't match image D:\GitHub\AlvarezAlejandro\Library\PackageCache\com.unity.visualscripting@1.6.1\Editor\VisualScripting.Core\Dependencies\DotNetZip\Unity.VisualScripting.IonicZip.dll
Native extension for WindowsStandalone target not found
Refreshing native plugins compatible for Editor in 0.73 ms, found 1 plugins.
Preloading 0 native plugins for Editor in 0.00 ms.
Mono: successfully reloaded assembly
- Completed reload, in  1.403 seconds
Platform modules already initialized, skipping
Refreshing native plugins compatible for Editor in 0.92 ms, found 1 plugins.
Preloading 0 native plugins for Editor in 0.00 ms.
Unloading 2824 Unused Serialized files (Serialized files now loaded: 0)
System memory in use before: 138.0 MB.
System memory in use after: 137.8 MB.

Unloading 11 unused Assets to reduce memory usage. Loaded Objects now: 3485.
Total: 2.937400 ms (FindLiveObjects: 0.238700 ms CreateObjectMapping: 0.134300 ms MarkObjects: 2.211200 ms  DeleteObjects: 0.352300 ms)

========================================================================
Received Prepare
Refreshing native plugins compatible for Editor in 3.60 ms, found 1 plugins.
Preloading 0 native plugins for Editor in 0.00 ms.
Unloading 9 Unused Serialized files (Serialized files now loaded: 0)
System memory in use before: 82.1 MB.
System memory in use after: 81.9 MB.

Unloading 9 unused Assets to reduce memory usage. Loaded Objects now: 3485.
Total: 4.465100 ms (FindLiveObjects: 0.561100 ms CreateObjectMapping: 0.429300 ms MarkObjects: 3.068600 ms  DeleteObjects: 0.404500 ms)

========================================================================
Received Prepare
Refreshing native plugins compatible for Editor in 2.50 ms, found 1 plugins.
Preloading 0 native plugins for Editor in 0.00 ms.
Unloading 9 Unused Serialized files (Serialized files now loaded: 0)
System memory in use before: 82.1 MB.
System memory in use after: 82.0 MB.

Unloading 9 unused Assets to reduce memory usage. Loaded Objects now: 3485.
Total: 2.975900 ms (FindLiveObjects: 0.305100 ms CreateObjectMapping: 0.152200 ms MarkObjects: 2.211600 ms  DeleteObjects: 0.306100 ms)

========================================================================
Received Prepare
Registering precompiled user dll's ...
Registered in 0.003475 seconds.
Begin MonoManager ReloadAssembly
Symbol file LoadedFromMemory doesn't match image D:\GitHub\AlvarezAlejandro\Library\PackageCache\com.unity.visualscripting@1.6.1\Editor\VisualScripting.Core\Dependencies\YamlDotNet\Unity.VisualScripting.YamlDotNet.dll
Symbol file LoadedFromMemory doesn't match image D:\GitHub\AlvarezAlejandro\Library\PackageCache\com.unity.visualscripting@1.6.1\Editor\VisualScripting.Core\Dependencies\DotNetZip\Unity.VisualScripting.IonicZip.dll
Native extension for WindowsStandalone target not found
Refreshing native plugins compatible for Editor in 0.65 ms, found 1 plugins.
Preloading 0 native plugins for Editor in 0.00 ms.
Mono: successfully reloaded assembly
- Completed reload, in  1.313 seconds
Platform modules already initialized, skipping
Refreshing native plugins compatible for Editor in 0.67 ms, found 1 plugins.
Preloading 0 native plugins for Editor in 0.00 ms.
Unloading 2824 Unused Serialized files (Serialized files now loaded: 0)
System memory in use before: 138.0 MB.
System memory in use after: 137.9 MB.

Unloading 11 unused Assets to reduce memory usage. Loaded Objects now: 3488.
Total: 5.072800 ms (FindLiveObjects: 0.792900 ms CreateObjectMapping: 0.561900 ms MarkObjects: 3.442100 ms  DeleteObjects: 0.275100 ms)

========================================================================
Received Prepare
Registering precompiled user dll's ...
Registered in 0.004269 seconds.
Begin MonoManager ReloadAssembly
Symbol file LoadedFromMemory doesn't match image D:\GitHub\AlvarezAlejandro\Library\PackageCache\com.unity.visualscripting@1.6.1\Editor\VisualScripting.Core\Dependencies\YamlDotNet\Unity.VisualScripting.YamlDotNet.dll
Symbol file LoadedFromMemory doesn't match image D:\GitHub\AlvarezAlejandro\Library\PackageCache\com.unity.visualscripting@1.6.1\Editor\VisualScripting.Core\Dependencies\DotNetZip\Unity.VisualScripting.IonicZip.dll
Native extension for WindowsStandalone target not found
Refreshing native plugins compatible for Editor in 0.61 ms, found 1 plugins.
Preloading 0 native plugins for Editor in 0.00 ms.
Mono: successfully reloaded assembly
- Completed reload, in  1.462 seconds
Platform modules already initialized, skipping
Refreshing native plugins compatible for Editor in 0.85 ms, found 1 plugins.
Preloading 0 native plugins for Editor in 0.00 ms.
Unloading 2824 Unused Serialized files (Serialized files now loaded: 0)
System memory in use before: 138.0 MB.
System memory in use after: 137.9 MB.

Unloading 11 unused Assets to reduce memory usage. Loaded Objects now: 3491.
Total: 3.556600 ms (FindLiveObjects: 0.480200 ms CreateObjectMapping: 0.278600 ms MarkObjects: 2.494900 ms  DeleteObjects: 0.301400 ms)

AssetImportWorkerClient::OnTransportError - code=2 error=End of file
