Using pre-set license
Built from '2021.1/staging' branch; Version is '2021.1.7f1 (d91830b65d9b) revision 14227504'; Using compiler version '192528614'; Build Type 'Release'
OS: 'Windows 10 Pro; OS build 19043.985; Version 2009; 64bit' Language: 'en' Physical Memory: 16250 MB
BatchMode: 1, IsHumanControllingUs: 0, StartBugReporterOnCrash: 0, Is64bit: 1, IsPro: 0

 COMMAND LINE ARGUMENTS:
C:\Program Files\Unity\Hub\Editor\2021.1.7f1\Editor\Unity.exe
-adb2
-batchMode
-noUpm
-name
AssetImportWorker1
-projectPath
D:/GitHub/AlvarezAlejandro
-logFile
Logs/AssetImportWorker1.log
-srvPort
63318
Successfully changed project path to: D:/GitHub/AlvarezAlejandro
D:/GitHub/AlvarezAlejandro
Using Asset Import Pipeline V2.
Refreshing native plugins compatible for Editor in 663.55 ms, found 1 plugins.
Preloading 0 native plugins for Editor in 0.00 ms.
Initialize engine version: 2021.1.7f1 (d91830b65d9b)
[Subsystems] Discovering subsystems at path C:/Program Files/Unity/Hub/Editor/2021.1.7f1/Editor/Data/Resources/UnitySubsystems
[Subsystems] Discovering subsystems at path D:/GitHub/AlvarezAlejandro/Assets
GfxDevice: creating device client; threaded=0; jobified=0
Direct3D:
    Version:  Direct3D 11.0 [level 11.1]
    Renderer: Intel(R) HD Graphics 530 (ID=0x191b)
    Vendor:   Intel
    VRAM:     8125 MB
    Driver:   27.20.100.9466
Initialize mono
Mono path[0] = 'C:/Program Files/Unity/Hub/Editor/2021.1.7f1/Editor/Data/Managed'
Mono path[1] = 'C:/Program Files/Unity/Hub/Editor/2021.1.7f1/Editor/Data/MonoBleedingEdge/lib/mono/unityjit'
Mono config path = 'C:/Program Files/Unity/Hub/Editor/2021.1.7f1/Editor/Data/MonoBleedingEdge/etc'
Using monoOptions --debugger-agent=transport=dt_socket,embedding=1,server=y,suspend=n,address=127.0.0.1:56980
Begin MonoManager ReloadAssembly
Registering precompiled unity dll's ...
Register platform support module: C:/Program Files/Unity/Hub/Editor/2021.1.7f1/Editor/Data/PlaybackEngines/WindowsStandaloneSupport/UnityEditor.WindowsStandalone.Extensions.dll
Registered in 0.005280 seconds.
Native extension for WindowsStandalone target not found
Refreshing native plugins compatible for Editor in 153.55 ms, found 1 plugins.
Preloading 0 native plugins for Editor in 0.00 ms.
Mono: successfully reloaded assembly
- Completed reload, in  6.001 seconds
Platform modules already initialized, skipping
Registering precompiled user dll's ...
Registered in 0.004707 seconds.
Begin MonoManager ReloadAssembly
Symbol file LoadedFromMemory doesn't match image D:\GitHub\AlvarezAlejandro\Library\PackageCache\com.unity.visualscripting@1.6.1\Editor\VisualScripting.Core\Dependencies\YamlDotNet\Unity.VisualScripting.YamlDotNet.dll
Symbol file LoadedFromMemory doesn't match image D:\GitHub\AlvarezAlejandro\Library\PackageCache\com.unity.visualscripting@1.6.1\Editor\VisualScripting.Core\Dependencies\DotNetZip\Unity.VisualScripting.IonicZip.dll
Native extension for WindowsStandalone target not found
Refreshing native plugins compatible for Editor in 0.65 ms, found 1 plugins.
Preloading 0 native plugins for Editor in 0.00 ms.
Mono: successfully reloaded assembly
- Completed reload, in  1.436 seconds
Platform modules already initialized, skipping
========================================================================
Worker process is ready to serve import requests
Launched and connected shader compiler UnityShaderCompiler.exe after 0.10 seconds
Refreshing native plugins compatible for Editor in 0.67 ms, found 1 plugins.
Preloading 0 native plugins for Editor in 0.00 ms.
Unloading 2912 Unused Serialized files (Serialized files now loaded: 0)
System memory in use before: 128.5 MB.
System memory in use after: 128.4 MB.

Unloading 16 unused Assets to reduce memory usage. Loaded Objects now: 3372.
Total: 3.374100 ms (FindLiveObjects: 0.318800 ms CreateObjectMapping: 0.204600 ms MarkObjects: 2.434900 ms  DeleteObjects: 0.414600 ms)

========================================================================
Received Import Request.
  path: Assets/Scripts/Player.cs
  artifactKey: Guid(9aa91bd4bc4399b43a811748ad74c70c) Importer(815301076,1909f56bfc062723c751e8b465ee728b)
Start importing Assets/Scripts/Player.cs using Guid(9aa91bd4bc4399b43a811748ad74c70c) Importer(815301076,1909f56bfc062723c751e8b465ee728b)  -> (artifact id: '4c246f84f9a7e77d876a1ab609de0331') in 0.043670 seconds 
========================================================================
Received Prepare
Registering precompiled user dll's ...
Registered in 0.005959 seconds.
Begin MonoManager ReloadAssembly
Symbol file LoadedFromMemory doesn't match image D:\GitHub\AlvarezAlejandro\Library\PackageCache\com.unity.visualscripting@1.6.1\Editor\VisualScripting.Core\Dependencies\YamlDotNet\Unity.VisualScripting.YamlDotNet.dll
Symbol file LoadedFromMemory doesn't match image D:\GitHub\AlvarezAlejandro\Library\PackageCache\com.unity.visualscripting@1.6.1\Editor\VisualScripting.Core\Dependencies\DotNetZip\Unity.VisualScripting.IonicZip.dll
Native extension for WindowsStandalone target not found
Refreshing native plugins compatible for Editor in 0.82 ms, found 1 plugins.
Preloading 0 native plugins for Editor in 0.00 ms.
Mono: successfully reloaded assembly
- Completed reload, in  1.546 seconds
Platform modules already initialized, skipping
Refreshing native plugins compatible for Editor in 0.62 ms, found 1 plugins.
Preloading 0 native plugins for Editor in 0.00 ms.
Unloading 2822 Unused Serialized files (Serialized files now loaded: 0)
System memory in use before: 120.0 MB.
System memory in use after: 119.9 MB.

Unloading 11 unused Assets to reduce memory usage. Loaded Objects now: 3375.
Total: 4.356400 ms (FindLiveObjects: 0.477100 ms CreateObjectMapping: 0.475500 ms MarkObjects: 2.857400 ms  DeleteObjects: 0.545200 ms)

========================================================================
Received Prepare
Registering precompiled user dll's ...
Registered in 0.048351 seconds.
Begin MonoManager ReloadAssembly
Symbol file LoadedFromMemory doesn't match image D:\GitHub\AlvarezAlejandro\Library\PackageCache\com.unity.visualscripting@1.6.1\Editor\VisualScripting.Core\Dependencies\YamlDotNet\Unity.VisualScripting.YamlDotNet.dll
Symbol file LoadedFromMemory doesn't match image D:\GitHub\AlvarezAlejandro\Library\PackageCache\com.unity.visualscripting@1.6.1\Editor\VisualScripting.Core\Dependencies\DotNetZip\Unity.VisualScripting.IonicZip.dll
Native extension for WindowsStandalone target not found
Refreshing native plugins compatible for Editor in 1.02 ms, found 1 plugins.
Preloading 0 native plugins for Editor in 0.00 ms.
Mono: successfully reloaded assembly
- Completed reload, in  2.191 seconds
Platform modules already initialized, skipping
Refreshing native plugins compatible for Editor in 0.96 ms, found 1 plugins.
Preloading 0 native plugins for Editor in 0.00 ms.
Unloading 2822 Unused Serialized files (Serialized files now loaded: 0)
System memory in use before: 120.1 MB.
System memory in use after: 119.9 MB.

Unloading 11 unused Assets to reduce memory usage. Loaded Objects now: 3378.
Total: 5.646900 ms (FindLiveObjects: 0.372200 ms CreateObjectMapping: 0.285200 ms MarkObjects: 4.059400 ms  DeleteObjects: 0.927900 ms)

========================================================================
Received Prepare
Registering precompiled user dll's ...
Registered in 0.004045 seconds.
Begin MonoManager ReloadAssembly
Symbol file LoadedFromMemory doesn't match image D:\GitHub\AlvarezAlejandro\Library\PackageCache\com.unity.visualscripting@1.6.1\Editor\VisualScripting.Core\Dependencies\YamlDotNet\Unity.VisualScripting.YamlDotNet.dll
Symbol file LoadedFromMemory doesn't match image D:\GitHub\AlvarezAlejandro\Library\PackageCache\com.unity.visualscripting@1.6.1\Editor\VisualScripting.Core\Dependencies\DotNetZip\Unity.VisualScripting.IonicZip.dll
Native extension for WindowsStandalone target not found
Refreshing native plugins compatible for Editor in 1.24 ms, found 1 plugins.
Preloading 0 native plugins for Editor in 0.00 ms.
Mono: successfully reloaded assembly
- Completed reload, in  1.822 seconds
Platform modules already initialized, skipping
Refreshing native plugins compatible for Editor in 0.74 ms, found 1 plugins.
Preloading 0 native plugins for Editor in 0.00 ms.
Unloading 2822 Unused Serialized files (Serialized files now loaded: 0)
System memory in use before: 120.1 MB.
System memory in use after: 119.9 MB.

Unloading 11 unused Assets to reduce memory usage. Loaded Objects now: 3381.
Total: 4.115500 ms (FindLiveObjects: 0.305000 ms CreateObjectMapping: 0.185700 ms MarkObjects: 3.252000 ms  DeleteObjects: 0.370700 ms)

========================================================================
Received Prepare
Registering precompiled user dll's ...
Registered in 0.006245 seconds.
Begin MonoManager ReloadAssembly
Symbol file LoadedFromMemory doesn't match image D:\GitHub\AlvarezAlejandro\Library\PackageCache\com.unity.visualscripting@1.6.1\Editor\VisualScripting.Core\Dependencies\YamlDotNet\Unity.VisualScripting.YamlDotNet.dll
Symbol file LoadedFromMemory doesn't match image D:\GitHub\AlvarezAlejandro\Library\PackageCache\com.unity.visualscripting@1.6.1\Editor\VisualScripting.Core\Dependencies\DotNetZip\Unity.VisualScripting.IonicZip.dll
Native extension for WindowsStandalone target not found
Refreshing native plugins compatible for Editor in 0.73 ms, found 1 plugins.
Preloading 0 native plugins for Editor in 0.00 ms.
Mono: successfully reloaded assembly
- Completed reload, in  1.488 seconds
Platform modules already initialized, skipping
Refreshing native plugins compatible for Editor in 1.05 ms, found 1 plugins.
Preloading 0 native plugins for Editor in 0.00 ms.
Unloading 2822 Unused Serialized files (Serialized files now loaded: 0)
System memory in use before: 120.1 MB.
System memory in use after: 119.9 MB.

Unloading 11 unused Assets to reduce memory usage. Loaded Objects now: 3384.
Total: 3.949200 ms (FindLiveObjects: 0.282000 ms CreateObjectMapping: 0.277600 ms MarkObjects: 3.088200 ms  DeleteObjects: 0.299700 ms)

========================================================================
Received Import Request.
  Time since last request: 1239.532332 seconds.
  path: Assets/slender-man-wallpaper-hd-android-iphone-desktop-hd-backgrounds-wallpapers-1080p-4khd-wallpapers-desktop-background-android-iphone-1080p-4k-vqkqw.jpg
  artifactKey: Guid(77a2612463fefd947ac7b2710c1cc3ae) Importer(815301076,1909f56bfc062723c751e8b465ee728b)
Start importing Assets/slender-man-wallpaper-hd-android-iphone-desktop-hd-backgrounds-wallpapers-1080p-4khd-wallpapers-desktop-background-android-iphone-1080p-4k-vqkqw.jpg using Guid(77a2612463fefd947ac7b2710c1cc3ae) Importer(815301076,1909f56bfc062723c751e8b465ee728b)  -> (artifact id: '3d8a8105673a50f01f1b2bd79338a45c') in 0.208338 seconds 
========================================================================
Received Import Request.
  Time since last request: 10.391754 seconds.
  path: Assets/slender-man-wallpaper-hd-android-iphone-desktop-hd-backgrounds-wallpapers-1080p-4khd-wallpapers-desktop-background-android-iphone-1080p-4k-vqkqw.jpg
  artifactKey: Guid(77a2612463fefd947ac7b2710c1cc3ae) Importer(815301076,1909f56bfc062723c751e8b465ee728b)
Start importing Assets/slender-man-wallpaper-hd-android-iphone-desktop-hd-backgrounds-wallpapers-1080p-4khd-wallpapers-desktop-background-android-iphone-1080p-4k-vqkqw.jpg using Guid(77a2612463fefd947ac7b2710c1cc3ae) Importer(815301076,1909f56bfc062723c751e8b465ee728b)  -> (artifact id: '93bf985bf27fc9ca72d02c07a85175ee') in 0.129711 seconds 
========================================================================
Received Prepare
Refreshing native plugins compatible for Editor in 2.66 ms, found 1 plugins.
Preloading 0 native plugins for Editor in 0.00 ms.
Unloading 9 Unused Serialized files (Serialized files now loaded: 0)
System memory in use before: 68.2 MB.
System memory in use after: 68.0 MB.

Unloading 9 unused Assets to reduce memory usage. Loaded Objects now: 3393.
Total: 3.937000 ms (FindLiveObjects: 0.242000 ms CreateObjectMapping: 0.204600 ms MarkObjects: 3.176600 ms  DeleteObjects: 0.312000 ms)

========================================================================
Received Prepare
Refreshing native plugins compatible for Editor in 2.44 ms, found 1 plugins.
Preloading 0 native plugins for Editor in 0.00 ms.
Unloading 9 Unused Serialized files (Serialized files now loaded: 0)
System memory in use before: 68.1 MB.
System memory in use after: 68.0 MB.

Unloading 9 unused Assets to reduce memory usage. Loaded Objects now: 3393.
Total: 5.080900 ms (FindLiveObjects: 0.406700 ms CreateObjectMapping: 0.206200 ms MarkObjects: 3.865300 ms  DeleteObjects: 0.601000 ms)

========================================================================
Received Prepare
Registering precompiled user dll's ...
Registered in 0.004680 seconds.
Begin MonoManager ReloadAssembly
Symbol file LoadedFromMemory doesn't match image D:\GitHub\AlvarezAlejandro\Library\PackageCache\com.unity.visualscripting@1.6.1\Editor\VisualScripting.Core\Dependencies\YamlDotNet\Unity.VisualScripting.YamlDotNet.dll
Symbol file LoadedFromMemory doesn't match image D:\GitHub\AlvarezAlejandro\Library\PackageCache\com.unity.visualscripting@1.6.1\Editor\VisualScripting.Core\Dependencies\DotNetZip\Unity.VisualScripting.IonicZip.dll
Native extension for WindowsStandalone target not found
Refreshing native plugins compatible for Editor in 0.87 ms, found 1 plugins.
Preloading 0 native plugins for Editor in 0.00 ms.
Mono: successfully reloaded assembly
- Completed reload, in  1.773 seconds
Platform modules already initialized, skipping
Refreshing native plugins compatible for Editor in 0.74 ms, found 1 plugins.
Preloading 0 native plugins for Editor in 0.00 ms.
Unloading 2823 Unused Serialized files (Serialized files now loaded: 0)
System memory in use before: 126.7 MB.
System memory in use after: 126.6 MB.

Unloading 11 unused Assets to reduce memory usage. Loaded Objects now: 3423.
Total: 5.224100 ms (FindLiveObjects: 0.386900 ms CreateObjectMapping: 0.402800 ms MarkObjects: 4.024300 ms  DeleteObjects: 0.408100 ms)

========================================================================
Received Prepare
Registering precompiled user dll's ...
Registered in 0.003804 seconds.
Begin MonoManager ReloadAssembly
Symbol file LoadedFromMemory doesn't match image D:\GitHub\AlvarezAlejandro\Library\PackageCache\com.unity.visualscripting@1.6.1\Editor\VisualScripting.Core\Dependencies\YamlDotNet\Unity.VisualScripting.YamlDotNet.dll
Symbol file LoadedFromMemory doesn't match image D:\GitHub\AlvarezAlejandro\Library\PackageCache\com.unity.visualscripting@1.6.1\Editor\VisualScripting.Core\Dependencies\DotNetZip\Unity.VisualScripting.IonicZip.dll
Native extension for WindowsStandalone target not found
Refreshing native plugins compatible for Editor in 0.80 ms, found 1 plugins.
Preloading 0 native plugins for Editor in 0.00 ms.
Mono: successfully reloaded assembly
- Completed reload, in  1.684 seconds
Platform modules already initialized, skipping
Refreshing native plugins compatible for Editor in 1.42 ms, found 1 plugins.
Preloading 0 native plugins for Editor in 0.00 ms.
Unloading 2822 Unused Serialized files (Serialized files now loaded: 0)
System memory in use before: 126.7 MB.
System memory in use after: 126.5 MB.

Unloading 11 unused Assets to reduce memory usage. Loaded Objects now: 3426.
Total: 5.617000 ms (FindLiveObjects: 0.693000 ms CreateObjectMapping: 0.578300 ms MarkObjects: 3.628700 ms  DeleteObjects: 0.715100 ms)

========================================================================
Received Prepare
Refreshing native plugins compatible for Editor in 4.84 ms, found 1 plugins.
Preloading 0 native plugins for Editor in 0.00 ms.
Unloading 9 Unused Serialized files (Serialized files now loaded: 0)
System memory in use before: 70.8 MB.
System memory in use after: 70.7 MB.

Unloading 9 unused Assets to reduce memory usage. Loaded Objects now: 3426.
Total: 4.478200 ms (FindLiveObjects: 0.345300 ms CreateObjectMapping: 0.198000 ms MarkObjects: 3.209100 ms  DeleteObjects: 0.724300 ms)

========================================================================
Received Prepare
Registering precompiled user dll's ...
Registered in 0.007569 seconds.
Begin MonoManager ReloadAssembly
Symbol file LoadedFromMemory doesn't match image D:\GitHub\AlvarezAlejandro\Library\PackageCache\com.unity.visualscripting@1.6.1\Editor\VisualScripting.Core\Dependencies\YamlDotNet\Unity.VisualScripting.YamlDotNet.dll
Symbol file LoadedFromMemory doesn't match image D:\GitHub\AlvarezAlejandro\Library\PackageCache\com.unity.visualscripting@1.6.1\Editor\VisualScripting.Core\Dependencies\DotNetZip\Unity.VisualScripting.IonicZip.dll
Native extension for WindowsStandalone target not found
Refreshing native plugins compatible for Editor in 1.47 ms, found 1 plugins.
Preloading 0 native plugins for Editor in 0.00 ms.
Mono: successfully reloaded assembly
- Completed reload, in  2.467 seconds
Platform modules already initialized, skipping
Refreshing native plugins compatible for Editor in 1.11 ms, found 1 plugins.
Preloading 0 native plugins for Editor in 0.00 ms.
Unloading 2822 Unused Serialized files (Serialized files now loaded: 0)
System memory in use before: 126.7 MB.
System memory in use after: 126.6 MB.

Unloading 11 unused Assets to reduce memory usage. Loaded Objects now: 3429.
Total: 10.143700 ms (FindLiveObjects: 0.621800 ms CreateObjectMapping: 0.537900 ms MarkObjects: 8.475000 ms  DeleteObjects: 0.505900 ms)

========================================================================
Received Prepare
Registering precompiled user dll's ...
Registered in 0.006386 seconds.
Begin MonoManager ReloadAssembly
Symbol file LoadedFromMemory doesn't match image D:\GitHub\AlvarezAlejandro\Library\PackageCache\com.unity.visualscripting@1.6.1\Editor\VisualScripting.Core\Dependencies\YamlDotNet\Unity.VisualScripting.YamlDotNet.dll
Symbol file LoadedFromMemory doesn't match image D:\GitHub\AlvarezAlejandro\Library\PackageCache\com.unity.visualscripting@1.6.1\Editor\VisualScripting.Core\Dependencies\DotNetZip\Unity.VisualScripting.IonicZip.dll
Native extension for WindowsStandalone target not found
Refreshing native plugins compatible for Editor in 1.30 ms, found 1 plugins.
Preloading 0 native plugins for Editor in 0.00 ms.
Mono: successfully reloaded assembly
- Completed reload, in  2.484 seconds
Platform modules already initialized, skipping
Refreshing native plugins compatible for Editor in 0.76 ms, found 1 plugins.
Preloading 0 native plugins for Editor in 0.00 ms.
Unloading 2822 Unused Serialized files (Serialized files now loaded: 0)
System memory in use before: 126.7 MB.
System memory in use after: 126.6 MB.

Unloading 11 unused Assets to reduce memory usage. Loaded Objects now: 3432.
Total: 5.483900 ms (FindLiveObjects: 0.410000 ms CreateObjectMapping: 0.255000 ms MarkObjects: 4.417400 ms  DeleteObjects: 0.398900 ms)

========================================================================
Received Import Request.
  Time since last request: 7030.085256 seconds.
  path: Assets/Scripts/LevelManager.cs
  artifactKey: Guid(196b97d0c1a5b504c9779dbe02044979) Importer(815301076,1909f56bfc062723c751e8b465ee728b)
Start importing Assets/Scripts/LevelManager.cs using Guid(196b97d0c1a5b504c9779dbe02044979) Importer(815301076,1909f56bfc062723c751e8b465ee728b)  -> (artifact id: '00e998363adfe39e51e843a0c327b62c') in 0.011280 seconds 
========================================================================
Received Prepare
Registering precompiled user dll's ...
Registered in 0.009361 seconds.
Begin MonoManager ReloadAssembly
Symbol file LoadedFromMemory doesn't match image D:\GitHub\AlvarezAlejandro\Library\PackageCache\com.unity.visualscripting@1.6.1\Editor\VisualScripting.Core\Dependencies\YamlDotNet\Unity.VisualScripting.YamlDotNet.dll
Symbol file LoadedFromMemory doesn't match image D:\GitHub\AlvarezAlejandro\Library\PackageCache\com.unity.visualscripting@1.6.1\Editor\VisualScripting.Core\Dependencies\DotNetZip\Unity.VisualScripting.IonicZip.dll
Native extension for WindowsStandalone target not found
Refreshing native plugins compatible for Editor in 0.83 ms, found 1 plugins.
Preloading 0 native plugins for Editor in 0.00 ms.
Mono: successfully reloaded assembly
- Completed reload, in  2.007 seconds
Platform modules already initialized, skipping
Refreshing native plugins compatible for Editor in 0.73 ms, found 1 plugins.
Preloading 0 native plugins for Editor in 0.00 ms.
Unloading 2822 Unused Serialized files (Serialized files now loaded: 0)
System memory in use before: 126.7 MB.
System memory in use after: 126.6 MB.

Unloading 11 unused Assets to reduce memory usage. Loaded Objects now: 3435.
Total: 4.420700 ms (FindLiveObjects: 0.814700 ms CreateObjectMapping: 0.393400 ms MarkObjects: 2.885300 ms  DeleteObjects: 0.325300 ms)

========================================================================
Received Prepare
Refreshing native plugins compatible for Editor in 6.88 ms, found 1 plugins.
Preloading 0 native plugins for Editor in 0.00 ms.
Unloading 9 Unused Serialized files (Serialized files now loaded: 0)
System memory in use before: 70.9 MB.
System memory in use after: 70.7 MB.

Unloading 9 unused Assets to reduce memory usage. Loaded Objects now: 3435.
Total: 3.240900 ms (FindLiveObjects: 0.294500 ms CreateObjectMapping: 0.211200 ms MarkObjects: 2.385200 ms  DeleteObjects: 0.348800 ms)

========================================================================
Received Prepare
Refreshing native plugins compatible for Editor in 6.55 ms, found 1 plugins.
Preloading 0 native plugins for Editor in 0.00 ms.
Unloading 9 Unused Serialized files (Serialized files now loaded: 0)
System memory in use before: 70.8 MB.
System memory in use after: 70.7 MB.

Unloading 9 unused Assets to reduce memory usage. Loaded Objects now: 3435.
Total: 8.137100 ms (FindLiveObjects: 0.575800 ms CreateObjectMapping: 0.352100 ms MarkObjects: 4.721200 ms  DeleteObjects: 2.485900 ms)

========================================================================
Received Prepare
Registering precompiled user dll's ...
Registered in 0.006855 seconds.
Begin MonoManager ReloadAssembly
Symbol file LoadedFromMemory doesn't match image D:\GitHub\AlvarezAlejandro\Library\PackageCache\com.unity.visualscripting@1.6.1\Editor\VisualScripting.Core\Dependencies\YamlDotNet\Unity.VisualScripting.YamlDotNet.dll
Symbol file LoadedFromMemory doesn't match image D:\GitHub\AlvarezAlejandro\Library\PackageCache\com.unity.visualscripting@1.6.1\Editor\VisualScripting.Core\Dependencies\DotNetZip\Unity.VisualScripting.IonicZip.dll
Native extension for WindowsStandalone target not found
Refreshing native plugins compatible for Editor in 1.04 ms, found 1 plugins.
Preloading 0 native plugins for Editor in 0.00 ms.
Mono: successfully reloaded assembly
- Completed reload, in  1.631 seconds
Platform modules already initialized, skipping
Refreshing native plugins compatible for Editor in 1.51 ms, found 1 plugins.
Preloading 0 native plugins for Editor in 0.00 ms.
Unloading 2822 Unused Serialized files (Serialized files now loaded: 0)
System memory in use before: 126.7 MB.
System memory in use after: 126.6 MB.

Unloading 11 unused Assets to reduce memory usage. Loaded Objects now: 3438.
Total: 3.536800 ms (FindLiveObjects: 0.357900 ms CreateObjectMapping: 0.177100 ms MarkObjects: 2.566800 ms  DeleteObjects: 0.433000 ms)

========================================================================
Received Prepare
Registering precompiled user dll's ...
Registered in 0.005903 seconds.
Begin MonoManager ReloadAssembly
Symbol file LoadedFromMemory doesn't match image D:\GitHub\AlvarezAlejandro\Library\PackageCache\com.unity.visualscripting@1.6.1\Editor\VisualScripting.Core\Dependencies\YamlDotNet\Unity.VisualScripting.YamlDotNet.dll
Symbol file LoadedFromMemory doesn't match image D:\GitHub\AlvarezAlejandro\Library\PackageCache\com.unity.visualscripting@1.6.1\Editor\VisualScripting.Core\Dependencies\DotNetZip\Unity.VisualScripting.IonicZip.dll
Native extension for WindowsStandalone target not found
Refreshing native plugins compatible for Editor in 0.75 ms, found 1 plugins.
Preloading 0 native plugins for Editor in 0.00 ms.
Mono: successfully reloaded assembly
- Completed reload, in  2.181 seconds
Platform modules already initialized, skipping
Refreshing native plugins compatible for Editor in 0.98 ms, found 1 plugins.
Preloading 0 native plugins for Editor in 0.00 ms.
Unloading 2823 Unused Serialized files (Serialized files now loaded: 0)
System memory in use before: 126.8 MB.
System memory in use after: 126.6 MB.

Unloading 11 unused Assets to reduce memory usage. Loaded Objects now: 3442.
Total: 4.088600 ms (FindLiveObjects: 0.405100 ms CreateObjectMapping: 0.367400 ms MarkObjects: 2.897600 ms  DeleteObjects: 0.413600 ms)

AssetImportWorkerClient::OnTransportError - code=2 error=End of file
